<?xml version="1.0" encoding="UTF-8"?>
<!-- Generated by org.testng.reporters.JUnitXMLReporter -->
<testsuite hostname="DESKTOP-BBJASGE" ignored="2" name="test2" tests="2" failures="0" timestamp="22 Dec 2018 14:03:05 GMT" time="0.125" errors="0">
  <testcase name="@BeforeTest initialize" time="0.015" classname="com.learn.acadamy.HomePage">
    <failure type="java.lang.NullPointerException">
      <![CDATA[java.lang.NullPointerException
at com.learn.frameworkfromscratch.Base.intializeDriver(Base.java:31)
at com.learn.acadamy.HomePage.initialize(HomePage.java:25)
... Removed 24 stack frames]]>
    </failure>
  </testcase> <!-- @BeforeTest initialize -->
  <testcase name="@AfterTest cleanup" time="0.0" classname="com.learn.acadamy.HomePage">
    <skipped/>
  </testcase> <!-- @AfterTest cleanup -->
  <testcase name="onHomePage" time="0.0" classname="com.learn.acadamy.HomePage">
    <skipped/>
  </testcase> <!-- onHomePage -->
  <testcase name="onHomePage" time="0.0" classname="com.learn.acadamy.HomePage">
    <skipped/>
  </testcase> <!-- onHomePage -->
  <testcase name="testFail" time="0.0" classname="com.learn.acadamy.HomePage">
    <ignored/>
  </testcase> <!-- testFail -->
  <testcase name="skipMethod" time="0.0" classname="com.learn.acadamy.HomePage">
    <ignored/>
  </testcase> <!-- skipMethod -->
</testsuite> <!-- test2 -->
