<?xml version="1.0" encoding="UTF-8"?>
<!-- Generated by org.testng.reporters.JUnitXMLReporter -->
<testsuite hostname="DESKTOP-BBJASGE" ignored="0" name="Test1" tests="1" failures="0" timestamp="22 Dec 2018 06:54:01 GMT" time="0.293" errors="0">
  <testcase name="@BeforeTest initialize" time="0.144" classname="com.learn.acadamy.ValidateNavigationBar">
    <failure type="java.lang.NullPointerException">
      <![CDATA[java.lang.NullPointerException
at com.learn.frameworkfromscratch.Base.intializeDriver(Base.java:31)
at com.learn.acadamy.ValidateNavigationBar.initialize(ValidateNavigationBar.java:25)
... Removed 28 stack frames]]>
    </failure>
  </testcase> <!-- @BeforeTest initialize -->
  <testcase name="@AfterTest cleanup" time="0.0" classname="com.learn.acadamy.ValidateNavigationBar">
    <skipped/>
  </testcase> <!-- @AfterTest cleanup -->
  <testcase name="ValidatingNavigationbar" time="0.0" classname="com.learn.acadamy.ValidateNavigationBar">
    <skipped/>
  </testcase> <!-- ValidatingNavigationbar -->
</testsuite> <!-- Test1 -->
