<?xml version="1.0" encoding="UTF-8"?>
<!-- Generated by org.testng.reporters.JUnitXMLReporter -->
<testsuite hostname="DESKTOP-BBJASGE" ignored="0" name="Test3" tests="1" failures="0" timestamp="22 Dec 2018 06:54:01 GMT" time="0.032" errors="0">
  <testcase name="@BeforeTest initialize" time="0.012" classname="com.learn.acadamy.ValidateTitle">
    <failure type="java.lang.NullPointerException">
      <![CDATA[java.lang.NullPointerException
at com.learn.frameworkfromscratch.Base.intializeDriver(Base.java:31)
at com.learn.acadamy.ValidateTitle.initialize(ValidateTitle.java:24)
... Removed 28 stack frames]]>
    </failure>
  </testcase> <!-- @BeforeTest initialize -->
  <testcase name="@AfterTest cleanup" time="0.0" classname="com.learn.acadamy.ValidateTitle">
    <skipped/>
  </testcase> <!-- @AfterTest cleanup -->
  <testcase name="validatingTitle" time="0.0" classname="com.learn.acadamy.ValidateTitle">
    <skipped/>
  </testcase> <!-- validatingTitle -->
</testsuite> <!-- Test3 -->
